<?xml version="1.0" encoding="UTF-8"?>
<!-- Generated by org.testng.reporters.JUnitReportReporter -->
<testsuite hostname="DESKTOP-CHA6NI9" failures="0" tests="5" name="com.saucedemo.testcases.Testcase" time="64.456" errors="0" timestamp="2024-08-13T12:46:22 IST" skipped="2">
  <testcase classname="com.saucedemo.testcases.Testcase" name="SortingInDescendingOrder1" time="20.439"/>
  <system-out/>
  <testcase classname="com.saucedemo.testcases.Testcase" name="PriceSortingLowtoHigh" time="14.112"/>
  <system-out/>
  <testcase classname="com.saucedemo.testcases.Testcase" name="PriceSortingHightoLow" time="29.905"/>
  <system-out/>
  <testcase classname="com.saucedemo.testcases.Testcase" name="SortingInAscendingOrder">
    <skipped/>
  </testcase> <!-- SortingInAscendingOrder -->
  <system-out/>
  <testcase classname="com.saucedemo.testcases.Testcase" name="AddtoCart2">
    <skipped/>
  </testcase> <!-- AddtoCart2 -->
  <system-out/>
</testsuite> <!-- com.saucedemo.testcases.Testcase -->
