<?xml version="1.0" encoding="UTF-8"?>
<!-- Generated by org.testng.reporters.JUnitReportReporter -->
<testsuite hostname="DESKTOP-CHA6NI9" failures="0" tests="5" name="com.saucedemo.testcases.Testcase" time="99.007" errors="0" timestamp="2024-08-14T19:07:17 IST" skipped="3">
  <testcase classname="com.saucedemo.testcases.Testcase" name="SortingInDescendingOrder1" time="35.404"/>
  <system-out/>
  <testcase classname="com.saucedemo.testcases.Testcase" name="PriceSortingLowtoHigh" time="63.603"/>
  <system-out/>
  <testcase classname="com.saucedemo.testcases.Testcase" name="PriceSortingHightoLow">
    <skipped/>
  </testcase> <!-- PriceSortingHightoLow -->
  <system-out/>
  <testcase classname="com.saucedemo.testcases.Testcase" name="SortingInAscendingOrder">
    <skipped/>
  </testcase> <!-- SortingInAscendingOrder -->
  <system-out/>
  <testcase classname="com.saucedemo.testcases.Testcase" name="AddtoCart2">
    <skipped/>
  </testcase> <!-- AddtoCart2 -->
  <system-out/>
</testsuite> <!-- com.saucedemo.testcases.Testcase -->
